<?xml version="1.0" encoding="UTF-8"?>
<!-- Generated by org.testng.reporters.JUnitXMLReporter -->
<testsuite ignored="0" hostname="Rohit" failures="0" tests="3" name="Default test" time="32.614" errors="0" timestamp="2025-09-08T15:16:01 IST">
  <testcase classname="com.comcast.crm.orgtest.CreateNewOrganistionTest" name="CreateNewOrgTest" time="6.398"/>
  <testcase classname="com.comcast.crm.orgtest.CreateNewOrganistionTest" name="CreateNewOrgWithPhoneNumberTest" time="4.561"/>
  <testcase classname="com.comcast.crm.orgtest.CreateNewOrganistionTest" name="CreateOrgWithIndustrytypeTest" time="6.309"/>
</testsuite> <!-- Default test -->
