<?xml version="1.0" encoding="UTF-8"?>
<!-- Generated by org.testng.reporters.JUnitXMLReporter -->
<testsuite ignored="0" hostname="Rohit" failures="0" tests="3" name="Test" time="37.758" errors="0" timestamp="2025-09-04T14:50:11 IST">
  <testcase classname="com.comcast.crm.orgtest.CreateNewOrganistionTest" name="CreateNewOrgTest" time="10.243"/>
  <testcase classname="com.comcast.crm.orgtest.CreateNewOrganistionTest" name="CreateNewOrgWithPhoneNumberTest" time="5.199"/>
  <testcase classname="com.comcast.crm.orgtest.CreateNewOrganistionTest" name="CreateOrgWithIndustrytypeTest" time="7.425"/>
</testsuite> <!-- Test -->
