<?xml version="1.0" encoding="UTF-8"?>
<!-- Generated by org.testng.reporters.JUnitReportReporter -->
<testsuite hostname="Rohit" failures="0" tests="3" name="com.comcast.crm.orgtest.CreateNewOrganistionTest" time="111.709" errors="0" timestamp="2025-09-11T11:19:11 IST" skipped="0">
  <testcase classname="com.comcast.crm.orgtest.CreateNewOrganistionTest" name="CreateNewOrgTest" time="32.446"/>
  <testcase classname="com.comcast.crm.orgtest.CreateNewOrganistionTest" name="CreateOrgWithIndustrytypeTest" time="24.082"/>
  <testcase classname="com.comcast.crm.orgtest.CreateNewOrganistionTest" name="CreateNewOrgWithPhoneNumberTest" time="55.181"/>
</testsuite> <!-- com.comcast.crm.orgtest.CreateNewOrganistionTest -->
