<?xml version="1.0" encoding="UTF-8"?>
<testng-results ignored="0" total="3" passed="3" failed="0" skipped="0">
  <reporter-output>
  </reporter-output>
  <suite started-at="2025-09-08T15:15:28 IST" name="Default suite" finished-at="2025-09-08T15:16:01 IST" duration-ms="32614">
    <groups>
      <group name="regressionTest">
        <method signature="CreateNewOrganistionTest.CreateNewOrgWithPhoneNumberTest()[pri:0, instance:com.comcast.crm.orgtest.CreateNewOrganistionTest@15043a2f]" name="CreateNewOrgWithPhoneNumberTest" class="com.comcast.crm.orgtest.CreateNewOrganistionTest"/>
        <method signature="CreateNewOrganistionTest.CreateOrgWithIndustrytypeTest()[pri:0, instance:com.comcast.crm.orgtest.CreateNewOrganistionTest@15043a2f]" name="CreateOrgWithIndustrytypeTest" class="com.comcast.crm.orgtest.CreateNewOrganistionTest"/>
      </group> <!-- regressionTest -->
      <group name="smokeTest">
        <method signature="CreateNewOrganistionTest.CreateNewOrgTest()[pri:0, instance:com.comcast.crm.orgtest.CreateNewOrganistionTest@15043a2f]" name="CreateNewOrgTest" class="com.comcast.crm.orgtest.CreateNewOrganistionTest"/>
      </group> <!-- smokeTest -->
    </groups>
    <test started-at="2025-09-08T15:15:28 IST" name="Default test" finished-at="2025-09-08T15:16:01 IST" duration-ms="32614">
      <class name="com.comcast.crm.orgtest.CreateNewOrganistionTest">
        <test-method is-config="true" signature="ConfigBS()[pri:0, instance:com.comcast.crm.orgtest.CreateNewOrganistionTest@15043a2f]" started-at="2025-09-08T15:15:28 IST" name="ConfigBS" finished-at="2025-09-08T15:15:28 IST" duration-ms="639" status="PASS">
          <reporter-output>
          </reporter-output>
        </test-method> <!-- ConfigBS -->
        <test-method is-config="true" signature="ConfigBC()[pri:0, instance:com.comcast.crm.orgtest.CreateNewOrganistionTest@15043a2f]" started-at="2025-09-08T15:15:28 IST" name="ConfigBC" finished-at="2025-09-08T15:15:33 IST" duration-ms="4314" status="PASS">
          <reporter-output>
          </reporter-output>
        </test-method> <!-- ConfigBC -->
        <test-method is-config="true" signature="ConfigBM()[pri:0, instance:com.comcast.crm.orgtest.CreateNewOrganistionTest@15043a2f]" started-at="2025-09-08T15:15:33 IST" name="ConfigBM" finished-at="2025-09-08T15:15:37 IST" duration-ms="4406" status="PASS">
          <reporter-output>
          </reporter-output>
        </test-method> <!-- ConfigBM -->
        <test-method signature="CreateNewOrgTest()[pri:0, instance:com.comcast.crm.orgtest.CreateNewOrganistionTest@15043a2f]" started-at="2025-09-08T15:15:37 IST" name="CreateNewOrgTest" finished-at="2025-09-08T15:15:44 IST" duration-ms="6398" status="PASS">
          <reporter-output>
          </reporter-output>
        </test-method> <!-- CreateNewOrgTest -->
        <test-method is-config="true" signature="ConfigAM()[pri:0, instance:com.comcast.crm.orgtest.CreateNewOrganistionTest@15043a2f]" started-at="2025-09-08T15:15:44 IST" name="ConfigAM" finished-at="2025-09-08T15:15:44 IST" duration-ms="903" status="PASS">
          <reporter-output>
          </reporter-output>
        </test-method> <!-- ConfigAM -->
        <test-method is-config="true" signature="ConfigBM()[pri:0, instance:com.comcast.crm.orgtest.CreateNewOrganistionTest@15043a2f]" started-at="2025-09-08T15:15:45 IST" name="ConfigBM" finished-at="2025-09-08T15:15:47 IST" duration-ms="2229" status="PASS">
          <reporter-output>
          </reporter-output>
        </test-method> <!-- ConfigBM -->
        <test-method signature="CreateNewOrgWithPhoneNumberTest()[pri:0, instance:com.comcast.crm.orgtest.CreateNewOrganistionTest@15043a2f]" started-at="2025-09-08T15:15:47 IST" name="CreateNewOrgWithPhoneNumberTest" finished-at="2025-09-08T15:15:51 IST" duration-ms="4561" status="PASS">
          <reporter-output>
          </reporter-output>
        </test-method> <!-- CreateNewOrgWithPhoneNumberTest -->
        <test-method is-config="true" signature="ConfigAM()[pri:0, instance:com.comcast.crm.orgtest.CreateNewOrganistionTest@15043a2f]" started-at="2025-09-08T15:15:51 IST" name="ConfigAM" finished-at="2025-09-08T15:15:52 IST" duration-ms="933" status="PASS">
          <reporter-output>
          </reporter-output>
        </test-method> <!-- ConfigAM -->
        <test-method is-config="true" signature="ConfigBM()[pri:0, instance:com.comcast.crm.orgtest.CreateNewOrganistionTest@15043a2f]" started-at="2025-09-08T15:15:52 IST" name="ConfigBM" finished-at="2025-09-08T15:15:53 IST" duration-ms="893" status="PASS">
          <reporter-output>
          </reporter-output>
        </test-method> <!-- ConfigBM -->
        <test-method signature="CreateOrgWithIndustrytypeTest()[pri:0, instance:com.comcast.crm.orgtest.CreateNewOrganistionTest@15043a2f]" started-at="2025-09-08T15:15:53 IST" name="CreateOrgWithIndustrytypeTest" finished-at="2025-09-08T15:15:59 IST" duration-ms="6309" status="PASS">
          <reporter-output>
          </reporter-output>
        </test-method> <!-- CreateOrgWithIndustrytypeTest -->
        <test-method is-config="true" signature="ConfigAM()[pri:0, instance:com.comcast.crm.orgtest.CreateNewOrganistionTest@15043a2f]" started-at="2025-09-08T15:15:59 IST" name="ConfigAM" finished-at="2025-09-08T15:16:00 IST" duration-ms="1055" status="PASS">
          <reporter-output>
          </reporter-output>
        </test-method> <!-- ConfigAM -->
        <test-method is-config="true" signature="ConfigAC()[pri:0, instance:com.comcast.crm.orgtest.CreateNewOrganistionTest@15043a2f]" started-at="2025-09-08T15:16:00 IST" name="ConfigAC" finished-at="2025-09-08T15:16:01 IST" duration-ms="519" status="PASS">
          <reporter-output>
          </reporter-output>
        </test-method> <!-- ConfigAC -->
        <test-method is-config="true" signature="ConfigAS()[pri:0, instance:com.comcast.crm.orgtest.CreateNewOrganistionTest@15043a2f]" started-at="2025-09-08T15:16:01 IST" name="ConfigAS" finished-at="2025-09-08T15:16:01 IST" duration-ms="9" status="PASS">
          <reporter-output>
          </reporter-output>
        </test-method> <!-- ConfigAS -->
      </class> <!-- com.comcast.crm.orgtest.CreateNewOrganistionTest -->
    </test> <!-- Default test -->
  </suite> <!-- Default suite -->
</testng-results>
